<?xml version="1.0" encoding="UTF-8" ?>
<testsuite errors="1" failures="0" hostname="napender-PC" name="com.canbrand.askmebazaar.AskmebazaarTest" skipped="0" tests="1" time="0.0" timestamp="2014-08-26T08:55:33">
  <properties>
    <property name="java.vendor" value="Oracle Corporation" />
    <property name="sun.java.launcher" value="SUN_STANDARD" />
    <property name="eclipse.pdebuild.templates" value="/C:/eclipse/plugins/org.eclipse.pde.build_3.8.100.v20130514-1028/templates/" />
    <property name="sun.management.compiler" value="HotSpot Client Compiler" />
    <property name="env.PROMPT" value="$P$G" />
    <property name="os.name" value="Windows 7" />
    <property name="env.FP_NO_HOST_CHECK" value="NO" />
    <property name="sun.boot.class.path" value="C:\Program Files\Java\jdk1.7.0_60\jre\lib\resources.jar;C:\Program Files\Java\jdk1.7.0_60\jre\lib\rt.jar;C:\Program Files\Java\jdk1.7.0_60\jre\lib\sunrsasign.jar;C:\Program Files\Java\jdk1.7.0_60\jre\lib\jsse.jar;C:\Program Files\Java\jdk1.7.0_60\jre\lib\jce.jar;C:\Program Files\Java\jdk1.7.0_60\jre\lib\charsets.jar;C:\Program Files\Java\jdk1.7.0_60\jre\lib\jfr.jar;C:\Program Files\Java\jdk1.7.0_60\jre\classes" />
    <property name="env.COMPUTERNAME" value="NAPENDER-PC" />
    <property name="env.ALLUSERSPROFILE" value="C:\ProgramData" />
    <property name="sun.desktop" value="windows" />
    <property name="java.vm.specification.vendor" value="Oracle Corporation" />
    <property name="ant.home" value="C:\Users\Work\Downloads\Compressed\apache-ant-1.9.4" />
    <property name="java.runtime.version" value="1.7.0_60-ea-b12" />
    <property name="env.HOMEPATH" value="\Users\Work" />
    <property name="user.name" value="Work" />
    <property name="user.language" value="en" />
    <property name="env.windows_tracing_flags" value="3" />
    <property name="sun.boot.library.path" value="C:\Program Files\Java\jdk1.7.0_60\jre\bin" />
    <property name="ant.project.default-target" value="build" />
    <property name="ant.project.name" value="askmebazaar" />
    <property name="java.version" value="1.7.0_60-ea" />
    <property name="env.PROCESSOR_IDENTIFIER" value="x86 Family 6 Model 58 Stepping 9, GenuineIntel" />
    <property name="user.timezone" value="" />
    <property name="env.TEMP" value="C:\Users\Work\AppData\Local\Temp" />
    <property name="sun.arch.data.model" value="32" />
    <property name="java.endorsed.dirs" value="C:\Program Files\Java\jdk1.7.0_60\jre\lib\endorsed" />
    <property name="sun.cpu.isalist" value="pentium_pro+mmx pentium_pro pentium+mmx pentium i486 i386 i86" />
    <property name="env.HOMEDRIVE" value="C:" />
    <property name="sun.jnu.encoding" value="Cp1252" />
    <property name="file.encoding.pkg" value="sun.io" />
    <property name="ECLIPSE_HOME" value="../../eclipse" />
    <property name="file.separator" value="\" />
    <property name="java.specification.name" value="Java Platform API Specification" />
    <property name="java.class.version" value="51.0" />
    <property name="user.country" value="US" />
    <property name="java.home" value="C:\Program Files\Java\jdk1.7.0_60\jre" />
    <property name="env.PSModulePath" value="C:\Windows\system32\WindowsPowerShell\v1.0\Modules\" />
    <property name="env.APPDATA" value="C:\Users\Work\AppData\Roaming" />
    <property name="env.PUBLIC" value="C:\Users\Public" />
    <property name="env.windows_tracing_logfile" value="C:\BVTBin\Tests\installpackage\csilogfile.log" />
    <property name="java.vm.info" value="mixed mode, sharing" />
    <property name="env.ComSpec" value="C:\Windows\system32\cmd.exe" />
    <property name="env.OS" value="Windows_NT" />
    <property name="env.CommonProgramFiles" value="C:\Program Files\Common Files" />
    <property name="ant.file" value="C:\Users\Work\git\askmebazaar\askmebazaar\build.xml" />
    <property name="os.version" value="6.1" />
    <property name="ant.file.askmebazaar" value="C:\Users\Work\git\askmebazaar\askmebazaar\build.xml" />
    <property name="path.separator" value=";" />
    <property name="java.vm.version" value="24.60-b09" />
    <property name="env.USERPROFILE" value="C:\Users\Work" />
    <property name="user.variant" value="" />
    <property name="ant.library.dir" value="C:\Users\Work\Downloads\Compressed\apache-ant-1.9.4\lib" />
    <property name="junit.output.dir" value="junit" />
    <property name="env.JAVA_HOME" value="C:\Program Files\Java\jdk1.7.0_60" />
    <property name="java.awt.printerjob" value="sun.awt.windows.WPrinterJob" />
    <property name="env.TMP" value="C:\Users\Work\AppData\Local\Temp" />
    <property name="sun.io.unicode.encoding" value="UnicodeLittle" />
    <property name="awt.toolkit" value="sun.awt.windows.WToolkit" />
    <property name="user.script" value="" />
    <property name="eclipse.pdebuild.scripts" value="/C:/eclipse/plugins/org.eclipse.pde.build_3.8.100.v20130514-1028/scripts/" />
    <property name="user.home" value="C:\Users\Work" />
    <property name="target" value="1.7" />
    <property name="env.ProgramData" value="C:\ProgramData" />
    <property name="env.SESSIONNAME" value="Console" />
    <property name="java.specification.vendor" value="Oracle Corporation" />
    <property name="env.NUMBER_OF_PROCESSORS" value="4" />
    <property name="java.library.path" value="C:\Program Files\Java\jdk1.7.0_60\jre\bin;C:\Windows\Sun\Java\bin;C:\Windows\system32;C:\Windows;C:/Program Files/Java/jre7/bin/client;C:/Program Files/Java/jre7/bin;C:/Program Files/Java/jre7/lib/i386;C:\Program Files\Broadcom\Broadcom 802.11 Network Adapter\Driver;C:\Windows\SYSTEM32;C:\Windows;C:\Windows\SYSTEM32\WBEM;C:\Windows\SYSTEM32\WINDOWSPOWERSHELL\V1.0\;C:\PROGRAM FILES\INTEL\OPENCL SDK\2.0\BIN\X86;C:\PROGRAM FILES\LENOVO FINGERPRINT READER\;C:\PROGRAM FILES\LENOVO FINGERPRINT READER\X64\;C:\PROGRAM FILES\MICROSOFT SQL SERVER\100\TOOLS\BINN\;C:\PROGRAM FILES\MICROSOFT SQL SERVER\100\DTS\BINN\;C:\PROGRAM FILES\MICROSOFT SQL SERVER\100\TOOLS\BINN\VSSHELL\COMMON7\IDE\;C:\Program Files\Lenovo\Bluetooth Software\;C:\apache-ant-1.9.4\bin;C:\eclipse;;." />
    <property name="java.vendor.url" value="http://java.oracle.com/" />
    <property name="java.vm.vendor" value="Oracle Corporation" />
    <property name="java.runtime.name" value="Java(TM) SE Runtime Environment" />
    <property name="ant.file.type.askmebazaar" value="file" />
    <property name="env.Python" value="C:/Python34/" />
    <property name="java.class.path" value="C:\Users\Work\git\askmebazaar\askmebazaar\bin;C:\eclipse\plugins\org.junit_4.11.0.v201303080030\junit.jar;C:\Users\Work\Downloads\Compressed\apache-ant-1.9.4\lib\ant-launcher.jar;C:\Users\Work\Downloads\Compressed\apache-ant-1.9.4\lib\ant.jar;C:\Users\Work\Downloads\Compressed\apache-ant-1.9.4\lib\ant-junit.jar;C:\Users\Work\Downloads\Compressed\apache-ant-1.9.4\lib\ant-junit4.jar" />
    <property name="sun.java.command" value="org.apache.tools.ant.taskdefs.optional.junit.JUnitTestRunner com.canbrand.askmebazaar.AskmebazaarTest skipNonTests=false filtertrace=true haltOnError=false haltOnFailure=false formatter=org.apache.tools.ant.taskdefs.optional.junit.OutErrSummaryJUnitResultFormatter showoutput=false outputtoformatters=true logfailedtests=true threadid=0 logtestlistenerevents=false formatter=org.apache.tools.ant.taskdefs.optional.junit.XMLJUnitResultFormatter,C:\Users\Work\git\askmebazaar\askmebazaar\junit\TEST-com.canbrand.askmebazaar.AskmebazaarTest.xml crashfile=C:\Users\Work\git\askmebazaar\askmebazaar\junitvmwatcher6210401158517224920.properties propsfile=C:\Users\Work\git\askmebazaar\askmebazaar\junit4955797023063493386.properties" />
    <property name="ant.version" value="Apache Ant(TM) version 1.9.4 compiled on April 29 2014" />
    <property name="java.vm.specification.name" value="Java Virtual Machine Specification" />
    <property name="env.windir" value="C:\Windows" />
    <property name="env.LOGONSERVER" value="\\NAPENDER-PC" />
    <property name="env.PROCESSOR_ARCHITECTURE" value="x86" />
    <property name="java.vm.specification.version" value="1.7" />
    <property name="sun.os.patch.level" value="Service Pack 1" />
    <property name="sun.cpu.endian" value="little" />
    <property name="debuglevel" value="source,lines,vars" />
    <property name="env.ProgramFiles" value="C:\Program Files" />
    <property name="env.ANT_HOME" value="C:\Users\Work\Downloads\Compressed\apache-ant-1.9.4" />
    <property name="java.io.tmpdir" value="C:\Users\Work\AppData\Local\Temp\" />
    <property name="env.PROCESSOR_REVISION" value="3a09" />
    <property name="eclipse.pdebuild.home" value="/C:/eclipse/plugins/org.eclipse.pde.build_3.8.100.v20130514-1028/./" />
    <property name="java.vendor.url.bug" value="http://bugreport.sun.com/bugreport/" />
    <property name="env.SystemRoot" value="C:\Windows" />
    <property name="java.awt.graphicsenv" value="sun.awt.Win32GraphicsEnvironment" />
    <property name="os.arch" value="x86" />
    <property name="java.ext.dirs" value="C:\Program Files\Java\jdk1.7.0_60\jre\lib\ext;C:\Windows\Sun\Java\lib\ext" />
    <property name="user.dir" value="C:\Users\Work\git\askmebazaar\askmebazaar" />
    <property name="env.LOCALAPPDATA" value="C:\Users\Work\AppData\Local" />
    <property name="line.separator" value="&#xd;&#xa;" />
    <property name="java.vm.name" value="Java HotSpot(TM) Client VM" />
    <property name="env.PATHEXT" value=".COM;.EXE;.BAT;.CMD;.VBS;.VBE;.JS;.JSE;.WSF;.WSH;.MSC;.PY" />
    <property name="env.Path" value="C:/Program Files/Java/jre7/bin/client;C:/Program Files/Java/jre7/bin;C:/Program Files/Java/jre7/lib/i386;C:\Program Files\Broadcom\Broadcom 802.11 Network Adapter\Driver;C:\Windows\SYSTEM32;C:\Windows;C:\Windows\SYSTEM32\WBEM;C:\Windows\SYSTEM32\WINDOWSPOWERSHELL\V1.0\;C:\PROGRAM FILES\INTEL\OPENCL SDK\2.0\BIN\X86;C:\PROGRAM FILES\LENOVO FINGERPRINT READER\;C:\PROGRAM FILES\LENOVO FINGERPRINT READER\X64\;C:\PROGRAM FILES\MICROSOFT SQL SERVER\100\TOOLS\BINN\;C:\PROGRAM FILES\MICROSOFT SQL SERVER\100\DTS\BINN\;C:\PROGRAM FILES\MICROSOFT SQL SERVER\100\TOOLS\BINN\VSSHELL\COMMON7\IDE\;C:\Program Files\Lenovo\Bluetooth Software\;C:\apache-ant-1.9.4\bin;C:\eclipse;" />
    <property name="basedir" value="C:\Users\Work\git\askmebazaar\askmebazaar" />
    <property name="ant.java.version" value="1.7" />
    <property name="env.ANDROID_PATH" value="C:\android-sdk-windows\sdk;C:\android-sdk-windows\sdk\platform-tools;C:\android-sdk-windows\sdk\platforms" />
    <property name="ant.core.lib" value="C:\Users\Work\Downloads\Compressed\apache-ant-1.9.4\lib\ant.jar" />
    <property name="env.USERNAME" value="Work" />
    <property name="env.SystemDrive" value="C:" />
    <property name="source" value="1.7" />
    <property name="file.encoding" value="Cp1252" />
    <property name="env.COMMPath" value="C:\Program Files\Lenovo\Communications Utility" />
    <property name="env.USERDOMAIN" value="napender-PC" />
    <property name="java.specification.version" value="1.7" />
    <property name="ant.project.invoked-targets" value="build,askmebazaar,junitreport" />
    <property name="env.PROCESSOR_LEVEL" value="6" />
  </properties>
  <error message="com.canbrand.askmebazaar.AskmebazaarTest" type="java.lang.ClassNotFoundException">java.lang.ClassNotFoundException: com.canbrand.askmebazaar.AskmebazaarTest
	at java.net.URLClassLoader$1.run(URLClassLoader.java:366)
	at java.net.URLClassLoader$1.run(URLClassLoader.java:355)
	at java.security.AccessController.doPrivileged(Native Method)
	at java.net.URLClassLoader.findClass(URLClassLoader.java:354)
	at java.lang.ClassLoader.loadClass(ClassLoader.java:425)
	at sun.misc.Launcher$AppClassLoader.loadClass(Launcher.java:308)
	at java.lang.ClassLoader.loadClass(ClassLoader.java:358)
	at java.lang.Class.forName0(Native Method)
	at java.lang.Class.forName(Class.java:190)
</error>
  <system-out><![CDATA[]]></system-out>
  <system-err><![CDATA[]]></system-err>
</testsuite>
